<?xml version="1.0" encoding="UTF-8"?>
<testsuite name="ParserTest" tests="3" skipped="0" failures="0" errors="0" timestamp="2024-04-25T16:56:09" hostname="DESKTOP-LBGLD3Q" time="0.1">
  <properties/>
  <testcase name="testSortByArea()" classname="ParserTest" time="0.058"/>
  <testcase name="testSortByName()" classname="ParserTest" time="0.019"/>
  <testcase name="testSortByPopulation()" classname="ParserTest" time="0.016"/>
  <system-out><![CDATA[]]></system-out>
  <system-err><![CDATA[]]></system-err>
</testsuite>
